\BOOKMARK [0][]{chapter*.1}{\376\377\000L\000i\000s\000t\000\040\000o\000f\000\040\000A\000c\000r\000o\000n\000y\000m\000s}{}% 1
\BOOKMARK [0][]{chapter.1}{\376\377\0001\000\040\000I\000n\000t\000r\000o\000d\000u\000c\000t\000i\000o\000n}{}% 2
\BOOKMARK [1][]{section.1.1}{\376\377\0001\000.\0001\000\040\000D\000o\000m\000a\000i\000n}{chapter.1}% 3
\BOOKMARK [1][]{section.1.2}{\376\377\0001\000.\0002\000\040\000M\000o\000t\000i\000v\000a\000t\000i\000o\000n}{chapter.1}% 4
\BOOKMARK [0][]{chapter.2}{\376\377\0002\000\040\000P\000r\000o\000b\000l\000e\000m\000\040\000S\000t\000a\000t\000e\000m\000e\000n\000t\000\040\000a\000n\000d\000\040\000J\000u\000s\000t\000i\000f\000i\000c\000a\000t\000i\000o\000n}{}% 5
\BOOKMARK [1][]{section.2.1}{\376\377\0002\000.\0001\000\040\000T\000h\000e\000\040\000R\000e\000s\000e\000a\000r\000c\000h\000\040\000G\000a\000p}{chapter.2}% 6
\BOOKMARK [1][]{section.2.2}{\376\377\0002\000.\0002\000\040\000J\000u\000s\000t\000i\000f\000i\000c\000a\000t\000i\000o\000n}{chapter.2}% 7
\BOOKMARK [2][]{subsection.2.2.1}{\376\377\0002\000.\0002\000.\0001\000\040\000T\000h\000e\000\040\000E\000f\000f\000i\000c\000i\000e\000n\000c\000y\000\040\000P\000a\000r\000a\000d\000o\000x\000:\000\040\000T\000h\000e\000\040\000T\000r\000a\000d\000e\000-\000o\000f\000f\000\040\000o\000f\000\040\000S\000u\000s\000t\000a\000i\000n\000a\000b\000i\000l\000i\000t\000y}{section.2.2}% 8
\BOOKMARK [2][]{subsection.2.2.2}{\376\377\0002\000.\0002\000.\0002\000\040\000T\000h\000e\000\040\000S\000u\000c\000c\000e\000s\000s\000/\000M\000a\000i\000n\000t\000a\000i\000n\000a\000b\000i\000l\000i\000t\000y\000\040\000P\000a\000r\000a\000d\000o\000x\000:\000\040\000T\000h\000e\000\040\000"\000A\000d\000d\000\040\000i\000t\000\040\000a\000n\000d\000\040\000F\000o\000r\000g\000e\000t\000\040\000i\000t\000"\000\040\000A\000n\000t\000i\000-\000p\000a\000t\000t\000e\000r\000n}{section.2.2}% 9
\BOOKMARK [2][]{subsection.2.2.3}{\376\377\0002\000.\0002\000.\0003\000\040\000T\000h\000e\000\040\000S\000e\000c\000u\000r\000i\000t\000y\000-\000F\000u\000n\000c\000t\000i\000o\000n\000a\000l\000i\000t\000y\000\040\000D\000i\000s\000c\000o\000n\000n\000e\000c\000t\000:\000\040\000T\000h\000e\000\040\000A\000l\000i\000g\000n\000m\000e\000n\000t\000\040\000T\000a\000x}{section.2.2}% 10
\BOOKMARK [0][]{chapter.3}{\376\377\0003\000\040\000R\000e\000s\000e\000a\000r\000c\000h\000\040\000A\000i\000m\000s\000,\000\040\000Q\000u\000e\000s\000t\000i\000o\000n\000s\000,\000\040\000a\000n\000d\000\040\000O\000b\000j\000e\000c\000t\000i\000v\000e\000s}{}% 11
\BOOKMARK [1][]{section.3.1}{\376\377\0003\000.\0001\000\040\000P\000r\000i\000m\000a\000r\000y\000\040\000A\000i\000m}{chapter.3}% 12
\BOOKMARK [1][]{section.3.2}{\376\377\0003\000.\0002\000\040\000R\000e\000s\000e\000a\000r\000c\000h\000\040\000Q\000u\000e\000s\000t\000i\000o\000n\000s}{chapter.3}% 13
\BOOKMARK [1][]{section.3.3}{\376\377\0003\000.\0003\000\040\000R\000e\000s\000e\000a\000r\000c\000h\000\040\000O\000b\000j\000e\000c\000t\000i\000v\000e\000s}{chapter.3}% 14
\BOOKMARK [0][]{chapter.4}{\376\377\0004\000\040\000E\000v\000a\000l\000u\000a\000t\000i\000o\000n\000\040\000M\000e\000t\000h\000o\000d\000s\000\040\000a\000n\000d\000\040\000D\000a\000t\000a\000\040\000R\000e\000q\000u\000i\000r\000e\000m\000e\000n\000t\000s}{}% 15
\BOOKMARK [1][]{section.4.1}{\376\377\0004\000.\0001\000\040\000D\000a\000t\000a\000\040\000R\000e\000q\000u\000i\000r\000e\000m\000e\000n\000t\000s}{chapter.4}% 16
\BOOKMARK [2][]{subsection.4.1.1}{\376\377\0004\000.\0001\000.\0001\000\040\000R\000e\000p\000o\000s\000i\000t\000o\000r\000y\000\040\000S\000c\000a\000l\000e\000\040\000a\000n\000d\000\040\000C\000o\000m\000p\000o\000s\000i\000t\000i\000o\000n}{section.4.1}% 17
\BOOKMARK [2][]{subsection.4.1.2}{\376\377\0004\000.\0001\000.\0002\000\040\000E\000s\000t\000a\000b\000l\000i\000s\000h\000e\000d\000\040\000B\000e\000n\000c\000h\000m\000a\000r\000k\000\040\000D\000a\000t\000a\000s\000e\000t\000s\000\040\000\050\000F\000o\000r\000\040\000B\000a\000s\000e\000l\000i\000n\000e\000\040\000C\000o\000m\000p\000a\000r\000i\000s\000o\000n\000\051}{section.4.1}% 18
\BOOKMARK [2][]{subsection.4.1.3}{\376\377\0004\000.\0001\000.\0003\000\040\000M\000u\000l\000t\000i\000-\000L\000a\000n\000g\000u\000a\000g\000e\000\040\000S\000o\000u\000r\000c\000e\000\040\000F\000i\000l\000e\000s}{section.4.1}% 19
\BOOKMARK [1][]{section.4.2}{\376\377\0004\000.\0002\000\040\000E\000v\000a\000l\000u\000a\000t\000i\000o\000n\000\040\000M\000e\000t\000h\000o\000d}{chapter.4}% 20
\BOOKMARK [2][]{subsection.4.2.1}{\376\377\0004\000.\0002\000.\0001\000\040\000C\000o\000m\000p\000a\000r\000a\000t\000i\000v\000e\000\040\000M\000e\000t\000r\000i\000c\000\040\000A\000n\000a\000l\000y\000s\000i\000s\000\040\000\050\000T\000h\000e\000\040\000C\000o\000r\000e\000\040\000E\000v\000a\000l\000u\000a\000t\000i\000o\000n\000\051}{section.4.2}% 21
\BOOKMARK [2][]{subsection.4.2.2}{\376\377\0004\000.\0002\000.\0002\000\040\000B\000a\000s\000e\000l\000i\000n\000e\000\040\000B\000e\000n\000c\000h\000m\000a\000r\000k\000i\000n\000g\000\040\000\050\000H\000u\000m\000a\000n\000\040\000v\000s\000.\000\040\000A\000I\000\051}{section.4.2}% 22
\BOOKMARK [2][]{subsection.4.2.3}{\376\377\0004\000.\0002\000.\0003\000\040\000M\000u\000l\000t\000i\000-\000D\000i\000m\000e\000n\000s\000i\000o\000n\000a\000l\000\040\000Q\000u\000a\000l\000i\000t\000y\000\040\000a\000n\000d\000\040\000S\000e\000c\000u\000r\000i\000t\000y\000\040\000A\000s\000s\000e\000s\000s\000m\000e\000n\000t}{section.4.2}% 23
\BOOKMARK [0][]{chapter.5}{\376\377\0005\000\040\000T\000i\000m\000e\000l\000i\000n\000e}{}% 24
